<?xml version="1.0" encoding="UTF-8"?>
<!-- Generated by org.testng.reporters.JUnitXMLReporter -->
<testsuite ignored="1" hostname="Sasi" failures="0" tests="6" name="Default test" time="88.169" errors="0" timestamp="2023-01-06T08:04:49 IST">
  <testcase classname="com.test.testcases.FB" name="testCreateAccountsXLSDATA" time="10.341"/>
  <testcase classname="com.test.testcases.FB" name="testCreateAccountsXLSDATA" time="9.933"/>
  <testcase classname="com.test.testcases.FB" name="testCreateAccountsXLSDATA" time="9.925"/>
  <testcase classname="com.test.testcases.FB" name="testCreateAccountsXLSDATA" time="9.918"/>
  <testcase classname="com.test.testcases.FB" name="testCreateAccountsXLSDATA" time="9.919"/>
  <testcase classname="com.test.testcases.FB" name="testCreateAccountsXLSDATA" time="9.895"/>
  <testcase classname="com.test.testcases.FB" name="testCreateAccount" time="0.0">
    <ignored/>
  </testcase> <!-- testCreateAccount -->
</testsuite> <!-- Default test -->
